<?xml version="1.0" encoding="utf-8"?>
<coverage line-rate="0.7167" branch-rate="0.6008" version="1.9" timestamp="1776559884" lines-covered="3413" lines-valid="4762" branches-covered="1302" branches-valid="2167">
  <sources>
    <source>/home/tripp/dev/trippwill/pakt/dotnet/src/Pakt/</source>
  </sources>
  <packages>
    <package name="Pakt" line-rate="0.7167" branch-rate="0.6008" complexity="2357">
      <classes>
        <class name="Pakt.PaktException" filename="PaktException.cs" line-rate="1" branch-rate="1" complexity="6">
          <methods>
            <method name="get_Position" signature="()" line-rate="1" branch-rate="1" complexity="1">
              <lines>
                <line number="50" hits="3" branch="False" />
              </lines>
            </method>
            <method name="get_ErrorCode" signature="()" line-rate="1" branch-rate="1" complexity="1">
              <lines>
                <line number="53" hits="7" branch="False" />
              </lines>
            </method>
            <method name="FormatMessage" signature="(System.String,Pakt.PaktPosition)" line-rate="1" branch-rate="1" complexity="2">
              <lines>
                <line number="56" hits="56" branch="False" />
                <line number="57" hits="56" branch="True" condition-coverage="100% (2/2)">
                  <conditions>
                    <condition number="14" type="jump" coverage="100%" />
                  </conditions>
                </line>
                <line number="58" hits="1" branch="False" />
                <line number="59" hits="55" branch="False" />
                <line number="60" hits="56" branch="False" />
              </lines>
            </method>
            <method name=".ctor" signature="(System.String,Pakt.PaktPosition,Pakt.PaktErrorCode)" line-rate="1" branch-rate="1" complexity="1">
              <lines>
                <line number="33" hits="55" branch="False" />
                <line number="34" hits="55" branch="False" />
                <line number="35" hits="55" branch="False" />
                <line number="36" hits="55" branch="False" />
                <line number="37" hits="55" branch="False" />
              </lines>
            </method>
            <method name=".ctor" signature="(System.String,Pakt.PaktPosition,Pakt.PaktErrorCode,System.Exception)" line-rate="1" branch-rate="1" complexity="1">
              <lines>
                <line number="43" hits="1" branch="False" />
                <line number="44" hits="1" branch="False" />
                <line number="45" hits="1" branch="False" />
                <line number="46" hits="1" branch="False" />
                <line number="47" hits="1" branch="False" />
              </lines>
            </method>
          </methods>
          <lines>
            <line number="50" hits="3" branch="False" />
            <line number="53" hits="7" branch="False" />
            <line number="56" hits="56" branch="False" />
            <line number="57" hits="56" branch="True" condition-coverage="100% (2/2)">
              <conditions>
                <condition number="14" type="jump" coverage="100%" />
              </conditions>
            </line>
            <line number="58" hits="1" branch="False" />
            <line number="59" hits="55" branch="False" />
            <line number="60" hits="56" branch="False" />
            <line number="33" hits="55" branch="False" />
            <line number="34" hits="55" branch="False" />
            <line number="35" hits="55" branch="False" />
            <line number="36" hits="55" branch="False" />
            <line number="37" hits="55" branch="False" />
            <line number="43" hits="1" branch="False" />
            <line number="44" hits="1" branch="False" />
            <line number="45" hits="1" branch="False" />
            <line number="46" hits="1" branch="False" />
            <line number="47" hits="1" branch="False" />
          </lines>
        </class>
        <class name="Pakt.PaktFramedSource" filename="PaktFramedSource.cs" line-rate="0.537" branch-rate="0.5" complexity="18">
          <methods>
            <method name="get_Available" signature="()" line-rate="1" branch-rate="1" complexity="1">
              <lines>
                <line number="33" hits="231" branch="False" />
              </lines>
            </method>
            <method name="get_UnitComplete" signature="()" line-rate="1" branch-rate="0.5" complexity="2">
              <lines>
                <line number="38" hits="74" branch="True" condition-coverage="50% (1/2)">
                  <conditions>
                    <condition number="6" type="jump" coverage="50%" />
                  </conditions>
                </line>
              </lines>
            </method>
            <method name="Advance" signature="(System.Int32)" line-rate="0.8" branch-rate="0.5" complexity="4">
              <lines>
                <line number="44" hits="55" branch="False" />
                <line number="45" hits="55" branch="True" condition-coverage="50% (2/4)">
                  <conditions>
                    <condition number="3" type="jump" coverage="50%" />
                    <condition number="26" type="jump" coverage="50%" />
                  </conditions>
                </line>
                <line number="46" hits="0" branch="False" />
                <line number="47" hits="55" branch="False" />
                <line number="48" hits="55" branch="False" />
              </lines>
            </method>
            <method name="BeginNextUnit" signature="()" line-rate="0" branch-rate="0" complexity="2">
              <lines>
                <line number="115" hits="0" branch="False" />
                <line number="117" hits="0" branch="True" condition-coverage="0% (0/2)">
                  <conditions>
                    <condition number="12" type="jump" coverage="0%" />
                  </conditions>
                </line>
                <line number="118" hits="0" branch="False" />
                <line number="119" hits="0" branch="False" />
                <line number="120" hits="0" branch="False" />
                <line number="121" hits="0" branch="False" />
                <line number="122" hits="0" branch="False" />
                <line number="124" hits="0" branch="False" />
                <line number="125" hits="0" branch="False" />
                <line number="126" hits="0" branch="False" />
                <line number="128" hits="0" branch="False" />
                <line number="129" hits="0" branch="False" />
                <line number="130" hits="0" branch="False" />
                <line number="131" hits="0" branch="False" />
              </lines>
            </method>
            <method name="DisposeAsync" signature="()" line-rate="1" branch-rate="1" complexity="1">
              <lines>
                <line number="134" hits="15" branch="False" />
                <line number="135" hits="15" branch="False" />
                <line number="136" hits="15" branch="False" />
                <line number="137" hits="15" branch="False" />
              </lines>
            </method>
            <method name="Compact" signature="()" line-rate="0.6666" branch-rate="0.75" complexity="4">
              <lines>
                <line number="140" hits="75" branch="False" />
                <line number="141" hits="75" branch="True" condition-coverage="100% (2/2)">
                  <conditions>
                    <condition number="12" type="jump" coverage="100%" />
                  </conditions>
                </line>
                <line number="142" hits="64" branch="False" />
                <line number="144" hits="11" branch="False" />
                <line number="145" hits="11" branch="True" condition-coverage="50% (1/2)">
                  <conditions>
                    <condition number="36" type="jump" coverage="50%" />
                  </conditions>
                </line>
                <line number="146" hits="0" branch="False" />
                <line number="147" hits="0" branch="False" />
                <line number="148" hits="0" branch="False" />
                <line number="149" hits="0" branch="False" />
                <line number="151" hits="11" branch="False" />
                <line number="152" hits="11" branch="False" />
                <line number="153" hits="75" branch="False" />
              </lines>
            </method>
            <method name="EnsureCapacity" signature="(System.Int32)" line-rate="0.44439999999999996" branch-rate="0.5" complexity="2">
              <lines>
                <line number="156" hits="75" branch="False" />
                <line number="157" hits="75" branch="True" condition-coverage="50% (1/2)">
                  <conditions>
                    <condition number="28" type="jump" coverage="50%" />
                  </conditions>
                </line>
                <line number="158" hits="75" branch="False" />
                <line number="160" hits="0" branch="False" />
                <line number="161" hits="0" branch="False" />
                <line number="162" hits="0" branch="False" />
                <line number="163" hits="0" branch="False" />
                <line number="164" hits="0" branch="False" />
                <line number="165" hits="75" branch="False" />
              </lines>
            </method>
            <method name=".ctor" signature="(System.IO.Stream,System.Int32)" line-rate="0.875" branch-rate="0.5" complexity="2">
              <lines>
                <line number="20" hits="15" branch="False" />
                <line number="21" hits="15" branch="False" />
                <line number="22" hits="15" branch="False" />
                <line number="23" hits="15" branch="True" condition-coverage="50% (1/2)">
                  <conditions>
                    <condition number="29" type="jump" coverage="50%" />
                  </conditions>
                </line>
                <line number="24" hits="0" branch="False" />
                <line number="26" hits="15" branch="False" />
                <line number="27" hits="15" branch="False" />
                <line number="28" hits="15" branch="False" />
              </lines>
            </method>
          </methods>
          <lines>
            <line number="33" hits="231" branch="False" />
            <line number="38" hits="74" branch="True" condition-coverage="50% (1/2)">
              <conditions>
                <condition number="6" type="jump" coverage="50%" />
              </conditions>
            </line>
            <line number="44" hits="55" branch="False" />
            <line number="45" hits="55" branch="True" condition-coverage="50% (2/4)">
              <conditions>
                <condition number="3" type="jump" coverage="50%" />
                <condition number="26" type="jump" coverage="50%" />
              </conditions>
            </line>
            <line number="46" hits="0" branch="False" />
            <line number="47" hits="55" branch="False" />
            <line number="48" hits="55" branch="False" />
            <line number="115" hits="0" branch="False" />
            <line number="117" hits="0" branch="True" condition-coverage="0% (0/2)">
              <conditions>
                <condition number="12" type="jump" coverage="0%" />
              </conditions>
            </line>
            <line number="118" hits="0" branch="False" />
            <line number="119" hits="0" branch="False" />
            <line number="120" hits="0" branch="False" />
            <line number="121" hits="0" branch="False" />
            <line number="122" hits="0" branch="False" />
            <line number="124" hits="0" branch="False" />
            <line number="125" hits="0" branch="False" />
            <line number="126" hits="0" branch="False" />
            <line number="128" hits="0" branch="False" />
            <line number="129" hits="0" branch="False" />
            <line number="130" hits="0" branch="False" />
            <line number="131" hits="0" branch="False" />
            <line number="134" hits="15" branch="False" />
            <line number="135" hits="15" branch="False" />
            <line number="136" hits="15" branch="False" />
            <line number="137" hits="15" branch="False" />
            <line number="140" hits="75" branch="False" />
            <line number="141" hits="75" branch="True" condition-coverage="100% (2/2)">
              <conditions>
                <condition number="12" type="jump" coverage="100%" />
              </conditions>
            </line>
            <line number="142" hits="64" branch="False" />
            <line number="144" hits="11" branch="False" />
            <line number="145" hits="11" branch="True" condition-coverage="50% (1/2)">
              <conditions>
                <condition number="36" type="jump" coverage="50%" />
              </conditions>
            </line>
            <line number="146" hits="0" branch="False" />
            <line number="147" hits="0" branch="False" />
            <line number="148" hits="0" branch="False" />
            <line number="149" hits="0" branch="False" />
            <line number="151" hits="11" branch="False" />
            <line number="152" hits="11" branch="False" />
            <line number="153" hits="75" branch="False" />
            <line number="156" hits="75" branch="False" />
            <line number="157" hits="75" branch="True" condition-coverage="50% (1/2)">
              <conditions>
                <condition number="28" type="jump" coverage="50%" />
              </conditions>
            </line>
            <line number="158" hits="75" branch="False" />
            <line number="160" hits="0" branch="False" />
            <line number="161" hits="0" branch="False" />
            <line number="162" hits="0" branch="False" />
            <line number="163" hits="0" branch="False" />
            <line number="164" hits="0" branch="False" />
            <line number="165" hits="75" branch="False" />
            <line number="20" hits="15" branch="False" />
            <line number="21" hits="15" branch="False" />
            <line number="22" hits="15" branch="False" />
            <line number="23" hits="15" branch="True" condition-coverage="50% (1/2)">
              <conditions>
                <condition number="29" type="jump" coverage="50%" />
              </conditions>
            </line>
            <line number="24" hits="0" branch="False" />
            <line number="26" hits="15" branch="False" />
            <line number="27" hits="15" branch="False" />
            <line number="28" hits="15" branch="False" />
          </lines>
        </class>
        <class name="Pakt.PaktFramedSource/&lt;FillAsync&gt;d__13" filename="PaktFramedSource.cs" line-rate="0.606" branch-rate="0.625" complexity="8">
          <methods>
            <method name="MoveNext" signature="()" line-rate="0.606" branch-rate="0.625" complexity="8">
              <lines>
                <line number="56" hits="76" branch="False" />
                <line number="57" hits="76" branch="True" condition-coverage="100% (2/2)">
                  <conditions>
                    <condition number="31" type="jump" coverage="100%" />
                  </conditions>
                </line>
                <line number="58" hits="1" branch="False" />
                <line number="60" hits="75" branch="False" />
                <line number="61" hits="75" branch="False" />
                <line number="63" hits="75" branch="False" />
                <line number="64" hits="75" branch="False" />
                <line number="65" hits="75" branch="True" condition-coverage="100% (2/2)">
                  <conditions>
                    <condition number="285" type="jump" coverage="100%" />
                  </conditions>
                </line>
                <line number="66" hits="5" branch="False" />
                <line number="67" hits="5" branch="False" />
                <line number="68" hits="5" branch="False" />
                <line number="69" hits="5" branch="False" />
                <line number="73" hits="70" branch="False" />
                <line number="74" hits="70" branch="False" />
                <line number="76" hits="70" branch="True" condition-coverage="50% (1/2)">
                  <conditions>
                    <condition number="428" type="jump" coverage="50%" />
                  </conditions>
                </line>
                <line number="77" hits="0" branch="False" />
                <line number="81" hits="0" branch="False" />
                <line number="82" hits="0" branch="False" />
                <line number="85" hits="0" branch="False" />
                <line number="86" hits="0" branch="False" />
                <line number="87" hits="0" branch="True" condition-coverage="0% (0/2)">
                  <conditions>
                    <condition number="521" type="jump" coverage="0%" />
                  </conditions>
                </line>
                <line number="88" hits="0" branch="False" />
                <line number="89" hits="0" branch="False" />
                <line number="90" hits="0" branch="False" />
                <line number="91" hits="0" branch="False" />
                <line number="92" hits="0" branch="False" />
                <line number="98" hits="0" branch="False" />
                <line number="99" hits="0" branch="False" />
                <line number="101" hits="70" branch="False" />
                <line number="102" hits="70" branch="False" />
                <line number="103" hits="70" branch="False" />
                <line number="105" hits="70" branch="False" />
                <line number="106" hits="76" branch="False" />
              </lines>
            </method>
          </methods>
          <lines>
            <line number="56" hits="76" branch="False" />
            <line number="57" hits="76" branch="True" condition-coverage="100% (2/2)">
              <conditions>
                <condition number="31" type="jump" coverage="100%" />
              </conditions>
            </line>
            <line number="58" hits="1" branch="False" />
            <line number="60" hits="75" branch="False" />
            <line number="61" hits="75" branch="False" />
            <line number="63" hits="75" branch="False" />
            <line number="64" hits="75" branch="False" />
            <line number="65" hits="75" branch="True" condition-coverage="100% (2/2)">
              <conditions>
                <condition number="285" type="jump" coverage="100%" />
              </conditions>
            </line>
            <line number="66" hits="5" branch="False" />
            <line number="67" hits="5" branch="False" />
            <line number="68" hits="5" branch="False" />
            <line number="69" hits="5" branch="False" />
            <line number="73" hits="70" branch="False" />
            <line number="74" hits="70" branch="False" />
            <line number="76" hits="70" branch="True" condition-coverage="50% (1/2)">
              <conditions>
                <condition number="428" type="jump" coverage="50%" />
              </conditions>
            </line>
            <line number="77" hits="0" branch="False" />
            <line number="81" hits="0" branch="False" />
            <line number="82" hits="0" branch="False" />
            <line number="85" hits="0" branch="False" />
            <line number="86" hits="0" branch="False" />
            <line number="87" hits="0" branch="True" condition-coverage="0% (0/2)">
              <conditions>
                <condition number="521" type="jump" coverage="0%" />
              </conditions>
            </line>
            <line number="88" hits="0" branch="False" />
            <line number="89" hits="0" branch="False" />
            <line number="90" hits="0" branch="False" />
            <line number="91" hits="0" branch="False" />
            <line number="92" hits="0" branch="False" />
            <line number="98" hits="0" branch="False" />
            <line number="99" hits="0" branch="False" />
            <line number="101" hits="70" branch="False" />
            <line number="102" hits="70" branch="False" />
            <line number="103" hits="70" branch="False" />
            <line number="105" hits="70" branch="False" />
            <line number="106" hits="76" branch="False" />
          </lines>
        </class>
        <class name="Pakt.PaktMapEntry`2" filename="PaktMapEntry.cs" line-rate="1" branch-rate="1" complexity="1">
          <methods>
            <method name="get_Key" signature="()" line-rate="1" branch-rate="1" complexity="1">
              <lines>
                <line number="6" hits="13" branch="False" />
              </lines>
            </method>
          </methods>
          <lines>
            <line number="6" hits="13" branch="False" />
          </lines>
        </class>
        <class name="Pakt.PaktMemoryReader" filename="PaktMemoryReader.cs" line-rate="0.7364" branch-rate="0.6018" complexity="113">
          <methods>
            <method name="Create" signature="(System.ReadOnlyMemory`1&lt;System.Byte&gt;,Pakt.Serialization.PaktSerializerContext,Pakt.Serialization.DeserializeOptions)" line-rate="1" branch-rate="1" complexity="2">
              <lines>
                <line number="63" hits="41" branch="False" />
                <line number="64" hits="41" branch="False" />
                <line number="65" hits="41" branch="True" condition-coverage="100% (2/2)">
                  <conditions>
                    <condition number="25" type="jump" coverage="100%" />
                  </conditions>
                </line>
                <line number="66" hits="41" branch="False" />
                <line number="67" hits="41" branch="False" />
                <line number="68" hits="41" branch="False" />
                <line number="69" hits="41" branch="False" />
                <line number="70" hits="41" branch="False" />
                <line number="71" hits="41" branch="False" />
                <line number="72" hits="41" branch="False" />
              </lines>
            </method>
            <method name="Create" signature="(System.Buffers.IMemoryOwner`1&lt;System.Byte&gt;,System.Int32,Pakt.Serialization.PaktSerializerContext,Pakt.Serialization.DeserializeOptions)" line-rate="0.7058" branch-rate="0.6666" complexity="6">
              <lines>
                <line number="83" hits="1" branch="False" />
                <line number="84" hits="1" branch="False" />
                <line number="85" hits="1" branch="False" />
                <line number="87" hits="1" branch="True" condition-coverage="50% (2/4)">
                  <conditions>
                    <condition number="27" type="jump" coverage="50%" />
                    <condition number="51" type="jump" coverage="50%" />
                  </conditions>
                </line>
                <line number="88" hits="0" branch="False" />
                <line number="89" hits="0" branch="False" />
                <line number="90" hits="0" branch="False" />
                <line number="91" hits="0" branch="False" />
                <line number="92" hits="0" branch="False" />
                <line number="95" hits="1" branch="True" condition-coverage="100% (2/2)">
                  <conditions>
                    <condition number="92" type="jump" coverage="100%" />
                  </conditions>
                </line>
                <line number="96" hits="1" branch="False" />
                <line number="97" hits="1" branch="False" />
                <line number="98" hits="1" branch="False" />
                <line number="99" hits="1" branch="False" />
                <line number="100" hits="1" branch="False" />
                <line number="101" hits="1" branch="False" />
                <line number="102" hits="1" branch="False" />
              </lines>
            </method>
            <method name="get_StatementName" signature="()" line-rate="1" branch-rate="0.5" complexity="2">
              <lines>
                <line number="105" hits="26" branch="True" condition-coverage="50% (1/2)">
                  <conditions>
                    <condition number="7" type="jump" coverage="50%" />
                  </conditions>
                </line>
                <line number="106" hits="26" branch="False" />
              </lines>
            </method>
            <method name="get_StatementType" signature="()" line-rate="0" branch-rate="0" complexity="2">
              <lines>
                <line number="109" hits="0" branch="True" condition-coverage="0% (0/2)">
                  <conditions>
                    <condition number="7" type="jump" coverage="0%" />
                  </conditions>
                </line>
                <line number="110" hits="0" branch="False" />
              </lines>
            </method>
            <method name="get_StatementPosition" signature="()" line-rate="1" branch-rate="0.5" complexity="2">
              <lines>
                <line number="113" hits="21" branch="True" condition-coverage="50% (1/2)">
                  <conditions>
                    <condition number="6" type="jump" coverage="50%" />
                  </conditions>
                </line>
                <line number="114" hits="21" branch="False" />
                <line number="115" hits="21" branch="False" />
              </lines>
            </method>
            <method name="get_IsPack" signature="()" line-rate="1" branch-rate="1" complexity="1">
              <lines>
                <line number="118" hits="19" branch="False" />
              </lines>
            </method>
            <method name="ReadStatement" signature="()" line-rate="0.8684000000000001" branch-rate="0.9" complexity="10">
              <lines>
                <line number="124" hits="68" branch="False" />
                <line number="125" hits="68" branch="False" />
                <line number="127" hits="67" branch="True" condition-coverage="100% (2/2)">
                  <conditions>
                    <condition number="16" type="jump" coverage="100%" />
                  </conditions>
                </line>
                <line number="128" hits="3" branch="False" />
                <line number="130" hits="67" branch="True" condition-coverage="100% (2/2)">
                  <conditions>
                    <condition number="44" type="jump" coverage="100%" />
                  </conditions>
                </line>
                <line number="131" hits="5" branch="False" />
                <line number="132" hits="5" branch="False" />
                <line number="133" hits="5" branch="False" />
                <line number="136" hits="62" branch="False" />
                <line number="137" hits="62" branch="False" />
                <line number="138" hits="62" branch="False" />
                <line number="139" hits="62" branch="False" />
                <line number="142" hits="62" branch="False" />
                <line number="143" hits="62" branch="True" condition-coverage="100% (2/2)">
                  <conditions>
                    <condition number="107" type="jump" coverage="100%" />
                  </conditions>
                </line>
                <line number="144" hits="12" branch="False" />
                <line number="145" hits="12" branch="False" />
                <line number="146" hits="12" branch="False" />
                <line number="149" hits="50" branch="True" condition-coverage="75% (3/4)">
                  <conditions>
                    <condition number="132" type="jump" coverage="100%" />
                    <condition number="154" type="jump" coverage="50%" />
                  </conditions>
                </line>
                <line number="150" hits="0" branch="False" />
                <line number="151" hits="0" branch="False" />
                <line number="152" hits="0" branch="False" />
                <line number="153" hits="0" branch="False" />
                <line number="154" hits="0" branch="False" />
                <line number="157" hits="50" branch="False" />
                <line number="158" hits="50" branch="False" />
                <line number="159" hits="50" branch="False" />
                <line number="160" hits="50" branch="False" />
                <line number="161" hits="50" branch="False" />
                <line number="162" hits="50" branch="False" />
                <line number="163" hits="50" branch="False" />
                <line number="164" hits="50" branch="False" />
                <line number="165" hits="50" branch="False" />
                <line number="166" hits="50" branch="False" />
                <line number="167" hits="50" branch="False" />
                <line number="170" hits="62" branch="False" />
                <line number="171" hits="62" branch="False" />
                <line number="172" hits="62" branch="False" />
                <line number="173" hits="67" branch="False" />
              </lines>
            </method>
            <method name="ReadValue" signature="()" line-rate="0.9309999999999999" branch-rate="0.6666" complexity="12">
              <lines>
                <line number="179" hits="21" branch="False" />
                <line number="180" hits="21" branch="False" />
                <line number="181" hits="21" branch="True" condition-coverage="100% (2/2)">
                  <conditions>
                    <condition number="19" type="jump" coverage="100%" />
                  </conditions>
                </line>
                <line number="182" hits="1" branch="False" />
                <line number="183" hits="20" branch="True" condition-coverage="100% (2/2)">
                  <conditions>
                    <condition number="40" type="jump" coverage="100%" />
                  </conditions>
                </line>
                <line number="184" hits="1" branch="False" />
                <line number="185" hits="1" branch="True" condition-coverage="50% (1/2)">
                  <conditions>
                    <condition number="54" type="jump" coverage="50%" />
                  </conditions>
                </line>
                <line number="186" hits="1" branch="False" />
                <line number="187" hits="1" branch="False" />
                <line number="188" hits="1" branch="False" />
                <line number="191" hits="19" branch="False" />
                <line number="192" hits="19" branch="True" condition-coverage="50% (2/4)">
                  <conditions>
                    <condition number="87" type="jump" coverage="50%" />
                    <condition number="106" type="jump" coverage="50%" />
                  </conditions>
                </line>
                <line number="193" hits="19" branch="False" />
                <line number="194" hits="19" branch="False" />
                <line number="195" hits="19" branch="False" />
                <line number="197" hits="19" branch="False" />
                <line number="198" hits="19" branch="True" condition-coverage="50% (1/2)">
                  <conditions>
                    <condition number="170" type="jump" coverage="50%" />
                  </conditions>
                </line>
                <line number="199" hits="0" branch="False" />
                <line number="201" hits="19" branch="False" />
                <line number="202" hits="19" branch="False" />
                <line number="203" hits="19" branch="False" />
                <line number="204" hits="19" branch="False" />
                <line number="205" hits="19" branch="False" />
                <line number="206" hits="19" branch="False" />
                <line number="209" hits="19" branch="False" />
                <line number="210" hits="19" branch="False" />
                <line number="211" hits="19" branch="False" />
                <line number="214" hits="0" branch="False" />
                <line number="215" hits="19" branch="False" />
              </lines>
            </method>
            <method name="ReadValue" signature="(System.Type,System.Type)" line-rate="0.6666" branch-rate="0.375" complexity="8">
              <lines>
                <line number="218" hits="16" branch="False" />
                <line number="219" hits="16" branch="False" />
                <line number="220" hits="16" branch="True" condition-coverage="50% (1/2)">
                  <conditions>
                    <condition number="19" type="jump" coverage="50%" />
                  </conditions>
                </line>
                <line number="221" hits="0" branch="False" />
                <line number="222" hits="16" branch="True" condition-coverage="50% (1/2)">
                  <conditions>
                    <condition number="40" type="jump" coverage="50%" />
                  </conditions>
                </line>
                <line number="223" hits="0" branch="False" />
                <line number="224" hits="0" branch="True" condition-coverage="0% (0/2)">
                  <conditions>
                    <condition number="54" type="jump" coverage="0%" />
                  </conditions>
                </line>
                <line number="225" hits="0" branch="False" />
                <line number="226" hits="0" branch="False" />
                <line number="227" hits="0" branch="False" />
                <line number="230" hits="16" branch="False" />
                <line number="231" hits="16" branch="False" />
                <line number="232" hits="16" branch="False" />
                <line number="233" hits="16" branch="False" />
                <line number="234" hits="16" branch="False" />
                <line number="235" hits="16" branch="False" />
                <line number="238" hits="16" branch="False" />
                <line number="239" hits="16" branch="True" condition-coverage="50% (1/2)">
                  <conditions>
                    <condition number="131" type="jump" coverage="50%" />
                  </conditions>
                </line>
                <line number="240" hits="0" branch="False" />
                <line number="241" hits="0" branch="False" />
                <line number="242" hits="0" branch="False" />
                <line number="243" hits="0" branch="False" />
                <line number="244" hits="0" branch="False" />
                <line number="247" hits="16" branch="False" />
                <line number="248" hits="16" branch="False" />
                <line number="249" hits="16" branch="False" />
                <line number="250" hits="16" branch="False" />
                <line number="251" hits="16" branch="False" />
                <line number="252" hits="16" branch="False" />
                <line number="255" hits="16" branch="False" />
                <line number="256" hits="16" branch="False" />
                <line number="257" hits="16" branch="False" />
                <line number="258" hits="16" branch="False" />
              </lines>
            </method>
            <method name="ReadPack" signature="()" line-rate="0.875" branch-rate="0.5" complexity="4">
              <lines>
                <line number="264" hits="3" branch="False" />
                <line number="265" hits="3" branch="False" />
                <line number="266" hits="3" branch="False" />
                <line number="268" hits="2" branch="False" />
                <line number="269" hits="2" branch="True" condition-coverage="50% (2/4)">
                  <conditions>
                    <condition number="28" type="jump" coverage="50%" />
                    <condition number="47" type="jump" coverage="50%" />
                  </conditions>
                </line>
                <line number="270" hits="2" branch="False" />
                <line number="272" hits="0" branch="False" />
                <line number="273" hits="2" branch="False" />
              </lines>
            </method>
            <method name="ReadPackValues" signature="(System.Type,System.Type)" line-rate="1" branch-rate="1" complexity="1">
              <lines>
                <line number="362" hits="1" branch="False" />
                <line number="363" hits="1" branch="False" />
                <line number="364" hits="1" branch="False" />
                <line number="365" hits="1" branch="False" />
                <line number="366" hits="1" branch="False" />
              </lines>
            </method>
            <method name="ReadMapPackEntries" signature="(System.Type)" line-rate="1" branch-rate="1" complexity="1">
              <lines>
                <line number="369" hits="1" branch="False" />
                <line number="370" hits="1" branch="False" />
                <line number="371" hits="1" branch="False" />
                <line number="372" hits="1" branch="False" />
                <line number="373" hits="1" branch="False" />
              </lines>
            </method>
            <method name="Skip" signature="()" line-rate="0.7894" branch-rate="0.5" complexity="4">
              <lines>
                <line number="379" hits="5" branch="False" />
                <line number="380" hits="5" branch="False" />
                <line number="381" hits="5" branch="True" condition-coverage="50% (1/2)">
                  <conditions>
                    <condition number="19" type="jump" coverage="50%" />
                  </conditions>
                </line>
                <line number="382" hits="0" branch="False" />
                <line number="384" hits="5" branch="True" condition-coverage="50% (1/2)">
                  <conditions>
                    <condition number="40" type="jump" coverage="50%" />
                  </conditions>
                </line>
                <line number="385" hits="0" branch="False" />
                <line number="386" hits="0" branch="False" />
                <line number="387" hits="0" branch="False" />
                <line number="390" hits="5" branch="False" />
                <line number="391" hits="5" branch="False" />
                <line number="392" hits="5" branch="False" />
                <line number="393" hits="5" branch="False" />
                <line number="394" hits="5" branch="False" />
                <line number="395" hits="5" branch="False" />
                <line number="396" hits="5" branch="False" />
                <line number="397" hits="5" branch="False" />
                <line number="398" hits="5" branch="False" />
                <line number="399" hits="5" branch="False" />
                <line number="400" hits="5" branch="False" />
              </lines>
            </method>
            <method name="Dispose" signature="()" line-rate="0.8571" branch-rate="1" complexity="4">
              <lines>
                <line number="404" hits="42" branch="False" />
                <line number="405" hits="42" branch="True" condition-coverage="100% (2/2)">
                  <conditions>
                    <condition number="9" type="jump" coverage="100%" />
                  </conditions>
                </line>
                <line number="406" hits="0" branch="False" />
                <line number="408" hits="42" branch="True" condition-coverage="100% (2/2)">
                  <conditions>
                    <condition number="20" type="jump" coverage="100%" />
                  </conditions>
                </line>
                <line number="409" hits="42" branch="False" />
                <line number="410" hits="42" branch="False" />
                <line number="411" hits="42" branch="False" />
              </lines>
            </method>
            <method name="TryReadNextListPackValue" signature="(System.Type,System.Type,System.Object&amp;)" line-rate="1" branch-rate="1" complexity="2">
              <lines>
                <line number="442" hits="4" branch="False" />
                <line number="443" hits="4" branch="False" />
                <line number="444" hits="4" branch="False" />
                <line number="446" hits="4" branch="True" condition-coverage="100% (2/2)">
                  <conditions>
                    <condition number="27" type="jump" coverage="100%" />
                  </conditions>
                </line>
                <line number="447" hits="1" branch="False" />
                <line number="448" hits="1" branch="False" />
                <line number="449" hits="1" branch="False" />
                <line number="450" hits="1" branch="False" />
                <line number="451" hits="1" branch="False" />
                <line number="452" hits="1" branch="False" />
                <line number="455" hits="3" branch="False" />
                <line number="456" hits="3" branch="False" />
                <line number="457" hits="3" branch="False" />
                <line number="458" hits="3" branch="False" />
                <line number="459" hits="3" branch="False" />
                <line number="460" hits="3" branch="False" />
                <line number="461" hits="3" branch="False" />
                <line number="462" hits="3" branch="False" />
                <line number="464" hits="3" branch="False" />
                <line number="465" hits="3" branch="False" />
                <line number="466" hits="3" branch="False" />
                <line number="467" hits="3" branch="False" />
                <line number="468" hits="3" branch="False" />
                <line number="469" hits="4" branch="False" />
              </lines>
            </method>
            <method name="TryReadNextMapPackValue" signature="(System.Type,System.Object&amp;)" line-rate="0.9166" branch-rate="0.75" complexity="4">
              <lines>
                <line number="472" hits="6" branch="False" />
                <line number="473" hits="6" branch="True" condition-coverage="50% (1/2)">
                  <conditions>
                    <condition number="18" type="jump" coverage="50%" />
                  </conditions>
                </line>
                <line number="474" hits="0" branch="False" />
                <line number="475" hits="0" branch="False" />
                <line number="476" hits="0" branch="False" />
                <line number="479" hits="6" branch="False" />
                <line number="480" hits="6" branch="False" />
                <line number="482" hits="6" branch="True" condition-coverage="100% (2/2)">
                  <conditions>
                    <condition number="76" type="jump" coverage="100%" />
                  </conditions>
                </line>
                <line number="483" hits="2" branch="False" />
                <line number="484" hits="2" branch="False" />
                <line number="485" hits="2" branch="False" />
                <line number="486" hits="2" branch="False" />
                <line number="487" hits="2" branch="False" />
                <line number="488" hits="2" branch="False" />
                <line number="491" hits="4" branch="False" />
                <line number="492" hits="4" branch="False" />
                <line number="493" hits="4" branch="False" />
                <line number="494" hits="4" branch="False" />
                <line number="495" hits="4" branch="False" />
                <line number="496" hits="4" branch="False" />
                <line number="497" hits="4" branch="False" />
                <line number="499" hits="4" branch="False" />
                <line number="501" hits="4" branch="False" />
                <line number="502" hits="4" branch="False" />
                <line number="503" hits="4" branch="False" />
                <line number="504" hits="4" branch="False" />
                <line number="505" hits="4" branch="False" />
                <line number="506" hits="4" branch="False" />
                <line number="507" hits="4" branch="False" />
                <line number="509" hits="4" branch="False" />
                <line number="510" hits="4" branch="False" />
                <line number="511" hits="4" branch="False" />
                <line number="512" hits="4" branch="False" />
                <line number="513" hits="4" branch="False" />
                <line number="514" hits="4" branch="False" />
                <line number="515" hits="6" branch="False" />
              </lines>
            </method>
            <method name="ReadPackValueAt" signature="(System.Int32,Pakt.PaktPosition,System.Type,Pakt.PaktType,System.Int32&amp;,Pakt.PaktPosition&amp;,System.Type)" line-rate="0.7826000000000001" branch-rate="0.5" complexity="2">
              <lines>
                <line number="525" hits="11" branch="False" />
                <line number="526" hits="11" branch="False" />
                <line number="527" hits="11" branch="False" />
                <line number="528" hits="11" branch="False" />
                <line number="529" hits="11" branch="False" />
                <line number="530" hits="11" branch="False" />
                <line number="531" hits="11" branch="False" />
                <line number="534" hits="11" branch="False" />
                <line number="535" hits="11" branch="True" condition-coverage="50% (1/2)">
                  <conditions>
                    <condition number="37" type="jump" coverage="50%" />
                  </conditions>
                </line>
                <line number="536" hits="0" branch="False" />
                <line number="537" hits="0" branch="False" />
                <line number="538" hits="0" branch="False" />
                <line number="539" hits="0" branch="False" />
                <line number="540" hits="0" branch="False" />
                <line number="543" hits="11" branch="False" />
                <line number="544" hits="11" branch="False" />
                <line number="545" hits="11" branch="False" />
                <line number="546" hits="11" branch="False" />
                <line number="547" hits="11" branch="False" />
                <line number="550" hits="11" branch="False" />
                <line number="551" hits="11" branch="False" />
                <line number="552" hits="11" branch="False" />
                <line number="553" hits="11" branch="False" />
              </lines>
            </method>
            <method name="FinishPackElement" signature="(System.Int32&amp;,Pakt.PaktPosition&amp;)" line-rate="0.375" branch-rate="0.25" complexity="4">
              <lines>
                <line number="556" hits="12" branch="False" />
                <line number="557" hits="12" branch="False" />
                <line number="558" hits="12" branch="True" condition-coverage="25% (1/4)">
                  <conditions>
                    <condition number="22" type="jump" coverage="50%" />
                    <condition number="28" type="jump" coverage="0%" />
                  </conditions>
                </line>
                <line number="561" hits="12" branch="False" />
                <line number="562" hits="12" branch="False" />
                <line number="565" hits="0" branch="False" />
                <line number="566" hits="0" branch="False" />
                <line number="567" hits="0" branch="False" />
                <line number="568" hits="0" branch="False" />
                <line number="569" hits="0" branch="False" />
                <line number="572" hits="0" branch="False" />
                <line number="573" hits="0" branch="False" />
                <line number="574" hits="0" branch="False" />
                <line number="575" hits="0" branch="False" />
                <line number="576" hits="0" branch="False" />
                <line number="578" hits="12" branch="False" />
              </lines>
            </method>
            <method name="SkipRemainingPack" signature="()" line-rate="0" branch-rate="0" complexity="4">
              <lines>
                <line number="581" hits="0" branch="False" />
                <line number="582" hits="0" branch="False" />
                <line number="583" hits="0" branch="False" />
                <line number="585" hits="0" branch="False" />
                <line number="586" hits="0" branch="False" />
                <line number="587" hits="0" branch="True" condition-coverage="0% (0/2)">
                  <conditions>
                    <condition number="33" type="jump" coverage="0%" />
                  </conditions>
                </line>
                <line number="588" hits="0" branch="False" />
                <line number="589" hits="0" branch="False" />
                <line number="590" hits="0" branch="False" />
                <line number="591" hits="0" branch="False" />
                <line number="592" hits="0" branch="False" />
                <line number="595" hits="0" branch="True" condition-coverage="0% (0/2)">
                  <conditions>
                    <condition number="75" type="jump" coverage="0%" />
                  </conditions>
                </line>
                <line number="596" hits="0" branch="False" />
                <line number="597" hits="0" branch="False" />
                <line number="598" hits="0" branch="False" />
                <line number="599" hits="0" branch="False" />
                <line number="600" hits="0" branch="False" />
                <line number="601" hits="0" branch="False" />
                <line number="602" hits="0" branch="False" />
                <line number="603" hits="0" branch="False" />
                <line number="604" hits="0" branch="False" />
                <line number="605" hits="0" branch="False" />
                <line number="606" hits="0" branch="False" />
                <line number="609" hits="0" branch="False" />
                <line number="610" hits="0" branch="False" />
                <line number="611" hits="0" branch="False" />
                <line number="612" hits="0" branch="False" />
                <line number="613" hits="0" branch="False" />
                <line number="614" hits="0" branch="False" />
                <line number="615" hits="0" branch="False" />
                <line number="616" hits="0" branch="False" />
                <line number="617" hits="0" branch="False" />
                <line number="618" hits="0" branch="False" />
                <line number="619" hits="0" branch="False" />
                <line number="620" hits="0" branch="False" />
                <line number="621" hits="0" branch="False" />
                <line number="622" hits="0" branch="False" />
                <line number="623" hits="0" branch="False" />
                <line number="624" hits="0" branch="False" />
                <line number="625" hits="0" branch="False" />
                <line number="626" hits="0" branch="False" />
                <line number="627" hits="0" branch="False" />
              </lines>
            </method>
            <method name="SkipValueAt" signature="(System.Int32,Pakt.PaktPosition,Pakt.PaktType,System.String,System.Int32&amp;,Pakt.PaktPosition&amp;)" line-rate="0.7726999999999999" branch-rate="0.5" complexity="2">
              <lines>
                <line number="636" hits="5" branch="False" />
                <line number="637" hits="5" branch="False" />
                <line number="638" hits="5" branch="False" />
                <line number="639" hits="5" branch="False" />
                <line number="640" hits="5" branch="False" />
                <line number="641" hits="5" branch="False" />
                <line number="642" hits="5" branch="False" />
                <line number="645" hits="5" branch="False" />
                <line number="646" hits="5" branch="True" condition-coverage="50% (1/2)">
                  <conditions>
                    <condition number="37" type="jump" coverage="50%" />
                  </conditions>
                </line>
                <line number="647" hits="0" branch="False" />
                <line number="648" hits="0" branch="False" />
                <line number="649" hits="0" branch="False" />
                <line number="650" hits="0" branch="False" />
                <line number="651" hits="0" branch="False" />
                <line number="654" hits="5" branch="False" />
                <line number="655" hits="5" branch="False" />
                <line number="656" hits="5" branch="False" />
                <line number="657" hits="5" branch="False" />
                <line number="659" hits="5" branch="False" />
                <line number="660" hits="5" branch="False" />
                <line number="661" hits="5" branch="False" />
                <line number="662" hits="5" branch="False" />
              </lines>
            </method>
            <method name="IsPackTerminated" signature="(System.Int32&amp;,Pakt.PaktPosition&amp;)" line-rate="1" branch-rate="1" complexity="2">
              <lines>
                <line number="665" hits="17" branch="False" />
                <line number="666" hits="17" branch="False" />
                <line number="667" hits="17" branch="False" />
                <line number="668" hits="17" branch="False" />
                <line number="670" hits="17" branch="True" condition-coverage="100% (2/2)">
                  <conditions>
                    <condition number="45" type="jump" coverage="100%" />
                  </conditions>
                </line>
                <line number="671" hits="17" branch="False" />
                <line number="672" hits="12" branch="False" />
                <line number="673" hits="5" branch="False" />
                <line number="674" hits="17" branch="False" />
                <line number="675" hits="17" branch="False" />
              </lines>
            </method>
            <method name="ConsumeMapSeparator" signature="(System.Int32&amp;,Pakt.PaktPosition&amp;)" line-rate="0.5454" branch-rate="0.5" complexity="4">
              <lines>
                <line number="678" hits="4" branch="False" />
                <line number="679" hits="4" branch="False" />
                <line number="680" hits="4" branch="False" />
                <line number="681" hits="4" branch="False" />
                <line number="683" hits="4" branch="True" condition-coverage="50% (1/2)">
                  <conditions>
                    <condition number="56" type="jump" coverage="50%" />
                  </conditions>
                </line>
                <line number="684" hits="0" branch="False" />
                <line number="685" hits="0" branch="False" />
                <line number="686" hits="0" branch="False" />
                <line number="687" hits="0" branch="False" />
                <line number="688" hits="0" branch="False" />
                <line number="691" hits="4" branch="True" condition-coverage="50% (1/2)">
                  <conditions>
                    <condition number="104" type="jump" coverage="50%" />
                  </conditions>
                </line>
                <line number="692" hits="0" branch="False" />
                <line number="693" hits="0" branch="False" />
                <line number="694" hits="0" branch="False" />
                <line number="695" hits="0" branch="False" />
                <line number="696" hits="0" branch="False" />
                <line number="699" hits="4" branch="False" />
                <line number="700" hits="4" branch="False" />
                <line number="702" hits="4" branch="False" />
                <line number="703" hits="4" branch="False" />
                <line number="704" hits="4" branch="False" />
                <line number="705" hits="4" branch="False" />
              </lines>
            </method>
            <method name="AdvancePosition" signature="(Pakt.PaktPosition,System.Int32,System.Int32)" line-rate="0.7391" branch-rate="0.5" complexity="10">
              <lines>
                <line number="708" hits="41" branch="False" />
                <line number="709" hits="41" branch="False" />
                <line number="710" hits="41" branch="False" />
                <line number="711" hits="41" branch="False" />
                <line number="713" hits="144" branch="True" condition-coverage="100% (2/2)">
                  <conditions>
                    <condition number="138" type="jump" coverage="100%" />
                  </conditions>
                </line>
                <line number="714" hits="31" branch="False" />
                <line number="715" hits="31" branch="False" />
                <line number="716" hits="31" branch="True" condition-coverage="100% (2/2)">
                  <conditions>
                    <condition number="55" type="jump" coverage="100%" />
                  </conditions>
                </line>
                <line number="717" hits="5" branch="False" />
                <line number="718" hits="5" branch="False" />
                <line number="719" hits="5" branch="False" />
                <line number="720" hits="5" branch="False" />
                <line number="723" hits="26" branch="True" condition-coverage="50% (1/2)">
                  <conditions>
                    <condition number="76" type="jump" coverage="50%" />
                  </conditions>
                </line>
                <line number="724" hits="0" branch="False" />
                <line number="725" hits="0" branch="True" condition-coverage="0% (0/4)">
                  <conditions>
                    <condition number="83" type="jump" coverage="0%" />
                    <condition number="107" type="jump" coverage="0%" />
                  </conditions>
                </line>
                <line number="726" hits="0" branch="False" />
                <line number="727" hits="0" branch="False" />
                <line number="728" hits="0" branch="False" />
                <line number="729" hits="0" branch="False" />
                <line number="732" hits="26" branch="False" />
                <line number="733" hits="26" branch="False" />
                <line number="735" hits="41" branch="False" />
                <line number="736" hits="41" branch="False" />
              </lines>
            </method>
            <method name="BufferSpan" signature="(System.Int32)" line-rate="1" branch-rate="1" complexity="1">
              <lines>
                <line number="739" hits="159" branch="False" />
              </lines>
            </method>
            <method name="EnsureActiveListPack" signature="()" line-rate="0.8332999999999999" branch-rate="0.6666" complexity="6">
              <lines>
                <line number="742" hits="4" branch="False" />
                <line number="743" hits="4" branch="True" condition-coverage="50% (1/2)">
                  <conditions>
                    <condition number="12" type="jump" coverage="50%" />
                  </conditions>
                </line>
                <line number="744" hits="0" branch="False" />
                <line number="745" hits="4" branch="True" condition-coverage="75% (3/4)">
                  <conditions>
                    <condition number="31" type="jump" coverage="50%" />
                    <condition number="52" type="jump" coverage="100%" />
                  </conditions>
                </line>
                <line number="746" hits="1" branch="False" />
                <line number="747" hits="3" branch="False" />
              </lines>
            </method>
            <method name="EnsureActiveMapPack" signature="()" line-rate="0.8332999999999999" branch-rate="0.6666" complexity="6">
              <lines>
                <line number="750" hits="3" branch="False" />
                <line number="751" hits="3" branch="True" condition-coverage="50% (1/2)">
                  <conditions>
                    <condition number="12" type="jump" coverage="50%" />
                  </conditions>
                </line>
                <line number="752" hits="0" branch="False" />
                <line number="753" hits="3" branch="True" condition-coverage="75% (3/4)">
                  <conditions>
                    <condition number="31" type="jump" coverage="50%" />
                    <condition number="52" type="jump" coverage="100%" />
                  </conditions>
                </line>
                <line number="754" hits="1" branch="False" />
                <line number="755" hits="2" branch="False" />
              </lines>
            </method>
            <method name="TryGetMapEntryTypes" signature="(System.Type,System.Type&amp;,System.Type&amp;)" line-rate="0.7272" branch-rate="0.5" complexity="4">
              <lines>
                <line number="758" hits="6" branch="False" />
                <line number="759" hits="6" branch="True" condition-coverage="50% (2/4)">
                  <conditions>
                    <condition number="7" type="jump" coverage="50%" />
                    <condition number="35" type="jump" coverage="50%" />
                  </conditions>
                </line>
                <line number="760" hits="6" branch="False" />
                <line number="761" hits="6" branch="False" />
                <line number="762" hits="6" branch="False" />
                <line number="763" hits="6" branch="False" />
                <line number="764" hits="6" branch="False" />
                <line number="767" hits="0" branch="False" />
                <line number="768" hits="0" branch="False" />
                <line number="769" hits="0" branch="False" />
                <line number="770" hits="6" branch="False" />
              </lines>
            </method>
            <method name="ThrowIfDisposed" signature="()" line-rate="1" branch-rate="1" complexity="2">
              <lines>
                <line number="773" hits="117" branch="False" />
                <line number="774" hits="117" branch="True" condition-coverage="100% (2/2)">
                  <conditions>
                    <condition number="9" type="jump" coverage="100%" />
                  </conditions>
                </line>
                <line number="775" hits="1" branch="False" />
                <line number="776" hits="116" branch="False" />
              </lines>
            </method>
            <method name=".ctor" signature="(System.ReadOnlyMemory`1&lt;System.Byte&gt;,System.Buffers.IMemoryOwner`1&lt;System.Byte&gt;,System.Int32,Pakt.Serialization.PaktSerializerContext,Pakt.Serialization.DeserializeOptions,Pakt.PaktReaderOptions)" line-rate="1" branch-rate="1" complexity="1">
              <lines>
                <line number="35" hits="42" branch="False" />
                <line number="36" hits="42" branch="False" />
                <line number="37" hits="42" branch="False" />
                <line number="38" hits="42" branch="False" />
                <line number="39" hits="42" branch="False" />
                <line number="40" hits="42" branch="False" />
                <line number="41" hits="42" branch="False" />
                <line number="42" hits="42" branch="False" />
                <line number="43" hits="42" branch="False" />
                <line number="44" hits="42" branch="False" />
                <line number="45" hits="42" branch="False" />
                <line number="46" hits="42" branch="False" />
                <line number="47" hits="42" branch="False" />
                <line number="48" hits="42" branch="False" />
                <line number="49" hits="42" branch="False" />
                <line number="50" hits="42" branch="False" />
                <line number="51" hits="42" branch="False" />
                <line number="52" hits="42" branch="False" />
                <line number="53" hits="42" branch="False" />
              </lines>
            </method>
          </methods>
          <lines>
            <line number="63" hits="41" branch="False" />
            <line number="64" hits="41" branch="False" />
            <line number="65" hits="41" branch="True" condition-coverage="100% (2/2)">
              <conditions>
                <condition number="25" type="jump" coverage="100%" />
              </conditions>
            </line>
            <line number="66" hits="41" branch="False" />
            <line number="67" hits="41" branch="False" />
            <line number="68" hits="41" branch="False" />
            <line number="69" hits="41" branch="False" />
            <line number="70" hits="41" branch="False" />
            <line number="71" hits="41" branch="False" />
            <line number="72" hits="41" branch="False" />
            <line number="83" hits="1" branch="False" />
            <line number="84" hits="1" branch="False" />
            <line number="85" hits="1" branch="False" />
            <line number="87" hits="1" branch="True" condition-coverage="50% (2/4)">
              <conditions>
                <condition number="27" type="jump" coverage="50%" />
                <condition number="51" type="jump" coverage="50%" />
              </conditions>
            </line>
            <line number="88" hits="0" branch="False" />
            <line number="89" hits="0" branch="False" />
            <line number="90" hits="0" branch="False" />
            <line number="91" hits="0" branch="False" />
            <line number="92" hits="0" branch="False" />
            <line number="95" hits="1" branch="True" condition-coverage="100% (2/2)">
              <conditions>
                <condition number="92" type="jump" coverage="100%" />
              </conditions>
            </line>
            <line number="96" hits="1" branch="False" />
            <line number="97" hits="1" branch="False" />
            <line number="98" hits="1" branch="False" />
            <line number="99" hits="1" branch="False" />
            <line number="100" hits="1" branch="False" />
            <line number="101" hits="1" branch="False" />
            <line number="102" hits="1" branch="False" />
            <line number="105" hits="26" branch="True" condition-coverage="50% (1/2)">
              <conditions>
                <condition number="7" type="jump" coverage="50%" />
              </conditions>
            </line>
            <line number="106" hits="26" branch="False" />
            <line number="109" hits="0" branch="True" condition-coverage="0% (0/2)">
              <conditions>
                <condition number="7" type="jump" coverage="0%" />
              </conditions>
            </line>
            <line number="110" hits="0" branch="False" />
            <line number="113" hits="21" branch="True" condition-coverage="50% (1/2)">
              <conditions>
                <condition number="6" type="jump" coverage="50%" />
              </conditions>
            </line>
            <line number="114" hits="21" branch="False" />
            <line number="115" hits="21" branch="False" />
            <line number="118" hits="19" branch="False" />
            <line number="124" hits="68" branch="False" />
            <line number="125" hits="68" branch="False" />
            <line number="127" hits="67" branch="True" condition-coverage="100% (2/2)">
              <conditions>
                <condition number="16" type="jump" coverage="100%" />
              </conditions>
            </line>
            <line number="128" hits="3" branch="False" />
            <line number="130" hits="67" branch="True" condition-coverage="100% (2/2)">
              <conditions>
                <condition number="44" type="jump" coverage="100%" />
              </conditions>
            </line>
            <line number="131" hits="5" branch="False" />
            <line number="132" hits="5" branch="False" />
            <line number="133" hits="5" branch="False" />
            <line number="136" hits="62" branch="False" />
            <line number="137" hits="62" branch="False" />
            <line number="138" hits="62" branch="False" />
            <line number="139" hits="62" branch="False" />
            <line number="142" hits="62" branch="False" />
            <line number="143" hits="62" branch="True" condition-coverage="100% (2/2)">
              <conditions>
                <condition number="107" type="jump" coverage="100%" />
              </conditions>
            </line>
            <line number="144" hits="12" branch="False" />
            <line number="145" hits="12" branch="False" />
            <line number="146" hits="12" branch="False" />
            <line number="149" hits="50" branch="True" condition-coverage="75% (3/4)">
              <conditions>
                <condition number="132" type="jump" coverage="100%" />
                <condition number="154" type="jump" coverage="50%" />
              </conditions>
            </line>
            <line number="150" hits="0" branch="False" />
            <line number="151" hits="0" branch="False" />
            <line number="152" hits="0" branch="False" />
            <line number="153" hits="0" branch="False" />
            <line number="154" hits="0" branch="False" />
            <line number="157" hits="50" branch="False" />
            <line number="158" hits="50" branch="False" />
            <line number="159" hits="50" branch="False" />
            <line number="160" hits="50" branch="False" />
            <line number="161" hits="50" branch="False" />
            <line number="162" hits="50" branch="False" />
            <line number="163" hits="50" branch="False" />
            <line number="164" hits="50" branch="False" />
            <line number="165" hits="50" branch="False" />
            <line number="166" hits="50" branch="False" />
            <line number="167" hits="50" branch="False" />
            <line number="170" hits="62" branch="False" />
            <line number="171" hits="62" branch="False" />
            <line number="172" hits="62" branch="False" />
            <line number="173" hits="67" branch="False" />
            <line number="179" hits="21" branch="False" />
            <line number="180" hits="21" branch="False" />
            <line number="181" hits="21" branch="True" condition-coverage="100% (2/2)">
              <conditions>
                <condition number="19" type="jump" coverage="100%" />
              </conditions>
            </line>
            <line number="182" hits="1" branch="False" />
            <line number="183" hits="20" branch="True" condition-coverage="100% (2/2)">
              <conditions>
                <condition number="40" type="jump" coverage="100%" />
              </conditions>
            </line>
            <line number="184" hits="1" branch="False" />
            <line number="185" hits="1" branch="True" condition-coverage="50% (1/2)">
              <conditions>
                <condition number="54" type="jump" coverage="50%" />
              </conditions>
            </line>
            <line number="186" hits="1" branch="False" />
            <line number="187" hits="1" branch="False" />
            <line number="188" hits="1" branch="False" />
            <line number="191" hits="19" branch="False" />
            <line number="192" hits="19" branch="True" condition-coverage="50% (2/4)">
              <conditions>
                <condition number="87" type="jump" coverage="50%" />
                <condition number="106" type="jump" coverage="50%" />
              </conditions>
            </line>
            <line number="193" hits="19" branch="False" />
            <line number="194" hits="19" branch="False" />
            <line number="195" hits="19" branch="False" />
            <line number="197" hits="19" branch="False" />
            <line number="198" hits="19" branch="True" condition-coverage="50% (1/2)">
              <conditions>
                <condition number="170" type="jump" coverage="50%" />
              </conditions>
            </line>
            <line number="199" hits="0" branch="False" />
            <line number="201" hits="19" branch="False" />
            <line number="202" hits="19" branch="False" />
            <line number="203" hits="19" branch="False" />
            <line number="204" hits="19" branch="False" />
            <line number="205" hits="19" branch="False" />
            <line number="206" hits="19" branch="False" />
            <line number="209" hits="19" branch="False" />
            <line number="210" hits="19" branch="False" />
            <line number="211" hits="19" branch="False" />
            <line number="214" hits="0" branch="False" />
            <line number="215" hits="19" branch="False" />
            <line number="218" hits="16" branch="False" />
            <line number="219" hits="16" branch="False" />
            <line number="220" hits="16" branch="True" condition-coverage="50% (1/2)">
              <conditions>
                <condition number="19" type="jump" coverage="50%" />
              </conditions>
            </line>
            <line number="221" hits="0" branch="False" />
            <line number="222" hits="16" branch="True" condition-coverage="50% (1/2)">
              <conditions>
                <condition number="40" type="jump" coverage="50%" />
              </conditions>
            </line>
            <line number="223" hits="0" branch="False" />
            <line number="224" hits="0" branch="True" condition-coverage="0% (0/2)">
              <conditions>
                <condition number="54" type="jump" coverage="0%" />
              </conditions>
            </line>
            <line number="225" hits="0" branch="False" />
            <line number="226" hits="0" branch="False" />
            <line number="227" hits="0" branch="False" />
            <line number="230" hits="16" branch="False" />
            <line number="231" hits="16" branch="False" />
            <line number="232" hits="16" branch="False" />
            <line number="233" hits="16" branch="False" />
            <line number="234" hits="16" branch="False" />
            <line number="235" hits="16" branch="False" />
            <line number="238" hits="16" branch="False" />
            <line number="239" hits="16" branch="True" condition-coverage="50% (1/2)">
              <conditions>
                <condition number="131" type="jump" coverage="50%" />
              </conditions>
            </line>
            <line number="240" hits="0" branch="False" />
            <line number="241" hits="0" branch="False" />
            <line number="242" hits="0" branch="False" />
            <line number="243" hits="0" branch="False" />
            <line number="244" hits="0" branch="False" />
            <line number="247" hits="16" branch="False" />
            <line number="248" hits="16" branch="False" />
            <line number="249" hits="16" branch="False" />
            <line number="250" hits="16" branch="False" />
            <line number="251" hits="16" branch="False" />
            <line number="252" hits="16" branch="False" />
            <line number="255" hits="16" branch="False" />
            <line number="256" hits="16" branch="False" />
            <line number="257" hits="16" branch="False" />
            <line number="258" hits="16" branch="False" />
            <line number="264" hits="3" branch="False" />
            <line number="265" hits="3" branch="False" />
            <line number="266" hits="3" branch="False" />
            <line number="268" hits="2" branch="False" />
            <line number="269" hits="2" branch="True" condition-coverage="50% (2/4)">
              <conditions>
                <condition number="28" type="jump" coverage="50%" />
                <condition number="47" type="jump" coverage="50%" />
              </conditions>
            </line>
            <line number="270" hits="2" branch="False" />
            <line number="272" hits="0" branch="False" />
            <line number="273" hits="2" branch="False" />
            <line number="362" hits="1" branch="False" />
            <line number="363" hits="1" branch="False" />
            <line number="364" hits="1" branch="False" />
            <line number="365" hits="1" branch="False" />
            <line number="366" hits="1" branch="False" />
            <line number="369" hits="1" branch="False" />
            <line number="370" hits="1" branch="False" />
            <line number="371" hits="1" branch="False" />
            <line number="372" hits="1" branch="False" />
            <line number="373" hits="1" branch="False" />
            <line number="379" hits="5" branch="False" />
            <line number="380" hits="5" branch="False" />
            <line number="381" hits="5" branch="True" condition-coverage="50% (1/2)">
              <conditions>
                <condition number="19" type="jump" coverage="50%" />
              </conditions>
            </line>
            <line number="382" hits="0" branch="False" />
            <line number="384" hits="5" branch="True" condition-coverage="50% (1/2)">
              <conditions>
                <condition number="40" type="jump" coverage="50%" />
              </conditions>
            </line>
            <line number="385" hits="0" branch="False" />
            <line number="386" hits="0" branch="False" />
            <line number="387" hits="0" branch="False" />
            <line number="390" hits="5" branch="False" />
            <line number="391" hits="5" branch="False" />
            <line number="392" hits="5" branch="False" />
            <line number="393" hits="5" branch="False" />
            <line number="394" hits="5" branch="False" />
            <line number="395" hits="5" branch="False" />
            <line number="396" hits="5" branch="False" />
            <line number="397" hits="5" branch="False" />
            <line number="398" hits="5" branch="False" />
            <line number="399" hits="5" branch="False" />
            <line number="400" hits="5" branch="False" />
            <line number="404" hits="42" branch="False" />
            <line number="405" hits="42" branch="True" condition-coverage="100% (2/2)">
              <conditions>
                <condition number="9" type="jump" coverage="100%" />
              </conditions>
            </line>
            <line number="406" hits="0" branch="False" />
            <line number="408" hits="42" branch="True" condition-coverage="100% (2/2)">
              <conditions>
                <condition number="20" type="jump" coverage="100%" />
              </conditions>
            </line>
            <line number="409" hits="42" branch="False" />
            <line number="410" hits="42" branch="False" />
            <line number="411" hits="42" branch="False" />
            <line number="442" hits="4" branch="False" />
            <line number="443" hits="4" branch="False" />
            <line number="444" hits="4" branch="False" />
            <line number="446" hits="4" branch="True" condition-coverage="100% (2/2)">
              <conditions>
                <condition number="27" type="jump" coverage="100%" />
              </conditions>
            </line>
            <line number="447" hits="1" branch="False" />
            <line number="448" hits="1" branch="False" />
            <line number="449" hits="1" branch="False" />
            <line number="450" hits="1" branch="False" />
            <line number="451" hits="1" branch="False" />
            <line number="452" hits="1" branch="False" />
            <line number="455" hits="3" branch="False" />
            <line number="456" hits="3" branch="False" />
[...]
            <line number="174" hits="2" branch="True" condition-coverage="50% (1/2)">
              <conditions>
                <condition number="17" type="jump" coverage="50%" />
              </conditions>
            </line>
            <line number="175" hits="0" branch="False" />
            <line number="176" hits="0" branch="False" />
            <line number="177" hits="0" branch="False" />
            <line number="180" hits="2" branch="True" condition-coverage="50% (1/2)">
              <conditions>
                <condition number="60" type="jump" coverage="50%" />
              </conditions>
            </line>
            <line number="181" hits="0" branch="False" />
            <line number="182" hits="0" branch="False" />
            <line number="183" hits="0" branch="False" />
            <line number="186" hits="2" branch="False" />
            <line number="187" hits="16" branch="True" condition-coverage="100% (2/2)">
              <conditions>
                <condition number="147" type="jump" coverage="100%" />
              </conditions>
            </line>
            <line number="188" hits="5" branch="False" />
            <line number="189" hits="5" branch="False" />
            <line number="190" hits="5" branch="False" />
            <line number="191" hits="2" branch="False" />
            <line number="192" hits="2" branch="False" />
            <line number="201" hits="1" branch="False" />
            <line number="202" hits="1" branch="True" condition-coverage="50% (1/2)">
              <conditions>
                <condition number="16" type="jump" coverage="50%" />
              </conditions>
            </line>
            <line number="203" hits="0" branch="False" />
            <line number="204" hits="0" branch="False" />
            <line number="205" hits="0" branch="False" />
            <line number="208" hits="1" branch="False" />
            <line number="209" hits="1" branch="True" condition-coverage="50% (1/2)">
              <conditions>
                <condition number="68" type="jump" coverage="50%" />
              </conditions>
            </line>
            <line number="210" hits="1" branch="False" />
            <line number="211" hits="7" branch="True" condition-coverage="100% (2/2)">
              <conditions>
                <condition number="164" type="jump" coverage="100%" />
              </conditions>
            </line>
            <line number="212" hits="2" branch="False" />
            <line number="213" hits="2" branch="False" />
            <line number="214" hits="2" branch="False" />
            <line number="215" hits="2" branch="False" />
            <line number="216" hits="2" branch="False" />
            <line number="217" hits="1" branch="False" />
            <line number="218" hits="0" branch="True" condition-coverage="0% (0/2)">
              <conditions>
                <condition number="213" type="jump" coverage="0%" />
              </conditions>
            </line>
            <line number="219" hits="0" branch="False" />
            <line number="220" hits="0" branch="True" condition-coverage="0% (0/2)">
              <conditions>
                <condition number="353" type="jump" coverage="0%" />
              </conditions>
            </line>
            <line number="221" hits="0" branch="False" />
            <line number="222" hits="0" branch="False" />
            <line number="223" hits="0" branch="False" />
            <line number="224" hits="0" branch="False" />
            <line number="225" hits="0" branch="False" />
            <line number="226" hits="0" branch="False" />
            <line number="227" hits="0" branch="False" />
            <line number="228" hits="0" branch="False" />
            <line number="229" hits="0" branch="False" />
            <line number="231" hits="0" branch="False" />
            <line number="232" hits="0" branch="False" />
            <line number="233" hits="0" branch="False" />
            <line number="236" hits="1" branch="False" />
            <line number="237" hits="1" branch="False" />
            <line number="240" hits="7" branch="True" condition-coverage="12.5% (2/16)">
              <conditions>
                <condition number="14" type="jump" coverage="50%" />
                <condition number="36" type="jump" coverage="50%" />
                <condition number="55" type="jump" coverage="0%" />
                <condition number="74" type="jump" coverage="0%" />
                <condition number="93" type="jump" coverage="0%" />
                <condition number="113" type="jump" coverage="0%" />
                <condition number="133" type="jump" coverage="0%" />
                <condition number="153" type="jump" coverage="0%" />
              </conditions>
            </line>
            <line number="241" hits="7" branch="False" />
            <line number="242" hits="0" branch="False" />
            <line number="243" hits="7" branch="False" />
            <line number="244" hits="0" branch="False" />
            <line number="245" hits="0" branch="False" />
            <line number="246" hits="0" branch="False" />
            <line number="247" hits="0" branch="False" />
            <line number="248" hits="0" branch="False" />
            <line number="249" hits="0" branch="True" condition-coverage="0% (0/2)">
              <conditions>
                <condition number="235" type="jump" coverage="0%" />
              </conditions>
            </line>
            <line number="250" hits="0" branch="False" />
            <line number="251" hits="0" branch="False" />
            <line number="252" hits="7" branch="False" />
            <line number="259" hits="24" branch="False" />
            <line number="260" hits="24" branch="True" condition-coverage="50% (1/2)">
              <conditions>
                <condition number="7" type="jump" coverage="50%" />
              </conditions>
            </line>
            <line number="261" hits="0" branch="False" />
            <line number="262" hits="0" branch="False" />
            <line number="263" hits="0" branch="False" />
            <line number="266" hits="72" branch="True" condition-coverage="50% (1/2)">
              <conditions>
                <condition number="96" type="jump" coverage="50%" />
              </conditions>
            </line>
            <line number="267" hits="0" branch="False" />
            <line number="268" hits="0" branch="True" condition-coverage="0% (0/4)">
              <conditions>
                <condition number="56" type="jump" coverage="0%" />
                <condition number="78" type="jump" coverage="0%" />
              </conditions>
            </line>
            <line number="269" hits="0" branch="False" />
            <line number="270" hits="0" branch="False" />
            <line number="271" hits="0" branch="False" />
            <line number="273" hits="0" branch="False" />
            <line number="275" hits="24" branch="False" />
            <line number="276" hits="24" branch="False" />
            <line number="277" hits="24" branch="False" />
            <line number="280" hits="0" branch="False" />
            <line number="281" hits="0" branch="True" condition-coverage="0% (0/2)">
              <conditions>
                <condition number="13" type="jump" coverage="0%" />
              </conditions>
            </line>
            <line number="282" hits="0" branch="False" />
            <line number="283" hits="0" branch="False" />
            <line number="285" hits="0" branch="True" condition-coverage="0% (0/2)">
              <conditions>
                <condition number="89" type="jump" coverage="0%" />
              </conditions>
            </line>
            <line number="286" hits="0" branch="False" />
            <line number="287" hits="0" branch="False" />
            <line number="288" hits="0" branch="False" />
            <line number="291" hits="0" branch="False" />
            <line number="292" hits="0" branch="False" />
            <line number="295" hits="2" branch="False" />
            <line number="296" hits="2" branch="True" condition-coverage="50% (1/2)">
              <conditions>
                <condition number="9" type="jump" coverage="50%" />
              </conditions>
            </line>
            <line number="297" hits="0" branch="False" />
            <line number="298" hits="0" branch="False" />
            <line number="299" hits="0" branch="False" />
            <line number="302" hits="2" branch="True" condition-coverage="50% (1/2)">
              <conditions>
                <condition number="35" type="jump" coverage="50%" />
              </conditions>
            </line>
            <line number="303" hits="2" branch="False" />
            <line number="304" hits="2" branch="False" />
            <line number="305" hits="2" branch="True" condition-coverage="50% (5/10)">
              <conditions>
                <condition number="61" type="jump" coverage="50%" />
                <condition number="79" type="jump" coverage="50%" />
                <condition number="97" type="jump" coverage="50%" />
                <condition number="115" type="jump" coverage="50%" />
                <condition number="140" type="jump" coverage="50%" />
              </conditions>
            </line>
            <line number="306" hits="2" branch="False" />
            <line number="307" hits="2" branch="False" />
            <line number="308" hits="2" branch="False" />
            <line number="309" hits="2" branch="False" />
            <line number="310" hits="2" branch="False" />
            <line number="311" hits="2" branch="False" />
            <line number="312" hits="2" branch="False" />
            <line number="314" hits="0" branch="False" />
            <line number="316" hits="0" branch="False" />
            <line number="317" hits="0" branch="False" />
            <line number="318" hits="2" branch="False" />
            <line number="321" hits="1" branch="False" />
            <line number="322" hits="1" branch="True" condition-coverage="50% (1/2)">
              <conditions>
                <condition number="9" type="jump" coverage="50%" />
              </conditions>
            </line>
            <line number="323" hits="1" branch="False" />
            <line number="324" hits="1" branch="False" />
            <line number="325" hits="1" branch="True" condition-coverage="50% (3/6)">
              <conditions>
                <condition number="35" type="jump" coverage="50%" />
                <condition number="53" type="jump" coverage="50%" />
                <condition number="76" type="jump" coverage="50%" />
              </conditions>
            </line>
            <line number="326" hits="1" branch="False" />
            <line number="327" hits="1" branch="False" />
            <line number="328" hits="1" branch="False" />
            <line number="329" hits="1" branch="False" />
            <line number="330" hits="1" branch="False" />
            <line number="331" hits="1" branch="False" />
            <line number="332" hits="1" branch="False" />
            <line number="334" hits="0" branch="False" />
            <line number="336" hits="0" branch="False" />
            <line number="337" hits="0" branch="False" />
            <line number="338" hits="0" branch="False" />
            <line number="339" hits="1" branch="False" />
          </lines>
        </class>
        <class name="Pakt.Serialization.PaktSerializerContext" filename="Serialization/PaktSerializerContext.cs" line-rate="0.7142000000000001" branch-rate="1" complexity="5">
          <methods>
            <method name="get_Options" signature="()" line-rate="1" branch-rate="1" complexity="1">
              <lines>
                <line number="16" hits="91" branch="False" />
              </lines>
            </method>
            <method name="GetTypeInfo" signature="(System.Type)" line-rate="0" branch-rate="1" complexity="1">
              <lines>
                <line number="30" hits="0" branch="False" />
              </lines>
            </method>
            <method name="GetTypeInfo" signature="()" line-rate="0" branch-rate="1" complexity="1">
              <lines>
                <line number="35" hits="0" branch="False" />
              </lines>
            </method>
            <method name=".ctor" signature="(Pakt.Serialization.DeserializeOptions)" line-rate="1" branch-rate="1" complexity="2">
              <lines>
                <line number="21" hits="2" branch="False" />
                <line number="22" hits="2" branch="False" />
                <line number="23" hits="2" branch="True" condition-coverage="100% (2/2)">
                  <conditions>
                    <condition number="11" type="jump" coverage="100%" />
                  </conditions>
                </line>
                <line number="24" hits="2" branch="False" />
              </lines>
            </method>
          </methods>
          <lines>
            <line number="16" hits="91" branch="False" />
            <line number="30" hits="0" branch="False" />
            <line number="35" hits="0" branch="False" />
            <line number="21" hits="2" branch="False" />
            <line number="22" hits="2" branch="False" />
            <line number="23" hits="2" branch="True" condition-coverage="100% (2/2)">
              <conditions>
                <condition number="11" type="jump" coverage="100%" />
              </conditions>
            </line>
            <line number="24" hits="2" branch="False" />
          </lines>
        </class>
        <class name="Pakt.Serialization.PaktTypeInfo" filename="Serialization/PaktTypeInfo.cs" line-rate="0.9166" branch-rate="1" complexity="4">
          <methods>
            <method name="get_ClrType" signature="()" line-rate="0" branch-rate="1" complexity="1">
              <lines>
                <line number="22" hits="0" branch="False" />
              </lines>
            </method>
            <method name="get_PaktType" signature="()" line-rate="1" branch-rate="1" complexity="1">
              <lines>
                <line number="25" hits="6" branch="False" />
              </lines>
            </method>
            <method name="get_Properties" signature="()" line-rate="1" branch-rate="1" complexity="1">
              <lines>
                <line number="28" hits="28" branch="False" />
              </lines>
            </method>
            <method name=".ctor" signature="(System.Type,Pakt.PaktType,System.Collections.Generic.IReadOnlyList`1&lt;Pakt.Serialization.PaktPropertyInfo&gt;)" line-rate="1" branch-rate="1" complexity="1">
              <lines>
                <line number="11" hits="9" branch="False" />
                <line number="12" hits="9" branch="False" />
                <line number="13" hits="9" branch="False" />
                <line number="14" hits="9" branch="False" />
                <line number="15" hits="9" branch="False" />
                <line number="16" hits="9" branch="False" />
                <line number="17" hits="9" branch="False" />
                <line number="18" hits="9" branch="False" />
                <line number="19" hits="9" branch="False" />
              </lines>
            </method>
          </methods>
          <lines>
            <line number="22" hits="0" branch="False" />
            <line number="25" hits="6" branch="False" />
            <line number="28" hits="28" branch="False" />
            <line number="11" hits="9" branch="False" />
            <line number="12" hits="9" branch="False" />
            <line number="13" hits="9" branch="False" />
            <line number="14" hits="9" branch="False" />
            <line number="15" hits="9" branch="False" />
            <line number="16" hits="9" branch="False" />
            <line number="17" hits="9" branch="False" />
            <line number="18" hits="9" branch="False" />
            <line number="19" hits="9" branch="False" />
          </lines>
        </class>
        <class name="Pakt.Serialization.PaktTypeInfo`1" filename="Serialization/PaktTypeInfo.cs" line-rate="0.8665999999999999" branch-rate="0.5" complexity="7">
          <methods>
            <method name="get_Deserialize" signature="()" line-rate="1" branch-rate="1" complexity="1">
              <lines>
                <line number="73" hits="105" branch="False" />
              </lines>
            </method>
            <method name="get_Serialize" signature="()" line-rate="1" branch-rate="1" complexity="1">
              <lines>
                <line number="78" hits="10" branch="False" />
              </lines>
            </method>
            <method name="DeserializeObject" signature="(Pakt.PaktReader&amp;,Pakt.Serialization.PaktConvertContext)" line-rate="0.8" branch-rate="0.5" complexity="2">
              <lines>
                <line number="81" hits="26" branch="False" />
                <line number="82" hits="26" branch="True" condition-coverage="50% (1/2)">
                  <conditions>
                    <condition number="12" type="jump" coverage="50%" />
                  </conditions>
                </line>
                <line number="83" hits="0" branch="False" />
                <line number="85" hits="26" branch="False" />
                <line number="86" hits="16" branch="False" />
              </lines>
            </method>
            <method name="SerializeObject" signature="(Pakt.PaktWriter,System.Object)" line-rate="0.8" branch-rate="0.5" complexity="2">
              <lines>
                <line number="89" hits="1" branch="False" />
                <line number="90" hits="1" branch="True" condition-coverage="50% (1/2)">
                  <conditions>
                    <condition number="12" type="jump" coverage="50%" />
                  </conditions>
                </line>
                <line number="91" hits="0" branch="False" />
                <line number="93" hits="1" branch="False" />
                <line number="94" hits="1" branch="False" />
              </lines>
            </method>
            <method name=".ctor" signature="(Pakt.PaktType,System.Collections.Generic.IReadOnlyList`1&lt;Pakt.Serialization.PaktPropertyInfo&gt;)" line-rate="1" branch-rate="1" complexity="1">
              <lines>
                <line number="66" hits="9" branch="False" />
                <line number="67" hits="9" branch="False" />
                <line number="68" hits="9" branch="False" />
              </lines>
            </method>
          </methods>
          <lines>
            <line number="73" hits="105" branch="False" />
            <line number="78" hits="10" branch="False" />
            <line number="81" hits="26" branch="False" />
            <line number="82" hits="26" branch="True" condition-coverage="50% (1/2)">
              <conditions>
                <condition number="12" type="jump" coverage="50%" />
              </conditions>
            </line>
            <line number="83" hits="0" branch="False" />
            <line number="85" hits="26" branch="False" />
            <line number="86" hits="16" branch="False" />
            <line number="89" hits="1" branch="False" />
            <line number="90" hits="1" branch="True" condition-coverage="50% (1/2)">
              <conditions>
                <condition number="12" type="jump" coverage="50%" />
              </conditions>
            </line>
            <line number="91" hits="0" branch="False" />
            <line number="93" hits="1" branch="False" />
            <line number="94" hits="1" branch="False" />
            <line number="66" hits="9" branch="False" />
            <line number="67" hits="9" branch="False" />
            <line number="68" hits="9" branch="False" />
          </lines>
        </class>
      </classes>
    </package>
  </packages>
</coverage>